!SESSION 2017-02-14 12:46:32.077 -----------------------------------------------
eclipse.buildId=unknown
java.version=1.8.0_112
java.vendor=Oracle Corporation
BootLoader constants: OS=win32, ARCH=x86_64, WS=win32, NL=ru_RU
Framework arguments:  -product com.bmstu.coursework.powerloom.product
Command-line arguments:  -product com.bmstu.coursework.powerloom.product -data C:\Users\Note-PC\ecf-provider-jaxrs-master-ws4/workingdir/config -dev file:C:/Users/Note-PC/ecf-provider-jaxrs-master-ws4/workingdir/config/dev.properties -os win32 -ws win32 -arch x86_64 -consoleLog -os win32 -ws win32 -arch x86_64 -console -debug -clean -data ./data -user ./user

!ENTRY org.eclipse.osgi 4 0 2017-02-14 12:46:32.710
!MESSAGE Could not find bundle: org.eclipse.equinox.console
!STACK 0
org.osgi.framework.BundleException: Could not find bundle: org.eclipse.equinox.console
	at org.eclipse.core.runtime.internal.adaptor.ConsoleManager.checkForConsoleBundle(ConsoleManager.java:58)
	at org.eclipse.core.runtime.adaptor.EclipseStarter.startup(EclipseStarter.java:339)
	at org.eclipse.core.runtime.adaptor.EclipseStarter.run(EclipseStarter.java:239)
	at sun.reflect.NativeMethodAccessorImpl.invoke0(Native Method)
	at sun.reflect.NativeMethodAccessorImpl.invoke(Unknown Source)
	at sun.reflect.DelegatingMethodAccessorImpl.invoke(Unknown Source)
	at java.lang.reflect.Method.invoke(Unknown Source)
	at org.eclipse.equinox.launcher.Main.invokeFramework(Main.java:673)
	at org.eclipse.equinox.launcher.Main.basicRun(Main.java:610)
	at org.eclipse.equinox.launcher.Main.run(Main.java:1519)
	at org.eclipse.equinox.launcher.Main.main(Main.java:1492)
